<?xml version="1.0" encoding="UTF-8"?>
<testsuite name="com.parkinglot.ParkingLotTest" tests="1" skipped="0" failures="0" errors="0" timestamp="2019-12-27T09:49:07" hostname="admin1-desktop" time="0.001">
  <properties/>
  <testcase name="givenParkingLot_WhenAttemptToUnparkDifferentVehicle_shouldReturnFalse" classname="com.parkinglot.ParkingLotTest" time="0.001"/>
  <system-out><![CDATA[]]></system-out>
  <system-err><![CDATA[]]></system-err>
</testsuite>
