<?xml version="1.0" encoding="UTF-8"?>
<testsuite name="com.parkinglot.ParkingLotTest" tests="1" skipped="0" failures="0" errors="0" timestamp="2019-12-27T11:25:36" hostname="admin1-desktop" time="0.002">
  <properties/>
  <testcase name="givenParkingLot_WhenParkingLotGetFull_ShouldInformOwner" classname="com.parkinglot.ParkingLotTest" time="0.002"/>
  <system-out><![CDATA[aaaaaaaaaaaa
]]></system-out>
  <system-err><![CDATA[]]></system-err>
</testsuite>
